{"name": "User can open the community page", "status": "broken", "statusDetails": {"message": "selenium.common.exceptions.TimeoutException: Message: \nStacktrace:\n0   chromedriver                        0x00000001031296b4 cxxbridge1$str$ptr + 3127600\n1   chromedriver                        0x0000000103121a50 cxxbridge1$str$ptr + 3095756\n2   chromedriver                        0x0000000102bfe56c _RNvCsdExgN8vFLbb_7___rustc35___rust_no_alloc_shim_is_unstable_v2 + 75432\n3   chromedriver                        0x0000000102c47864 _RNvCsdExgN8vFLbb_7___rustc35___rust_no_alloc_shim_is_unstable_v2 + 375200\n4   chromedriver                        0x0000000102c86620 _RNvCsdExgN8vFLbb_7___rustc35___rust_no_alloc_shim_is_unstable_v2 + 632668\n5   chromedriver                        0x0000000102c3bb9c _RNvCsdExgN8vFLbb_7___rustc35___rust_no_alloc_shim_is_unstable_v2 + 326872\n6   chromedriver                        0x00000001030e8680 cxxbridge1$str$ptr + 2861308\n7   chromedriver                        0x00000001030ebdd4 cxxbridge1$str$ptr + 2875472\n8   chromedriver                        0x00000001030cda7c cxxbridge1$str$ptr + 2751736\n9   chromedriver                        0x00000001030ec658 cxxbridge1$str$ptr + 2877652\n10  chromedriver                        0x00000001030bdffc cxxbridge1$str$ptr + 2687608\n11  chromedriver                        0x0000000103110d78 cxxbridge1$str$ptr + 3026932\n12  chromedriver                        0x0000000103110ef4 cxxbridge1$str$ptr + 3027312\n13  chromedriver                        0x00000001031216a8 cxxbridge1$str$ptr + 3094820\n14  libsystem_pthread.dylib             0x000000019d65bc08 _pthread_start + 136\n15  libsystem_pthread.dylib             0x000000019d656ba8 thread_start + 8\n\n", "trace": "  File \"/Users/yaroslavhevko/Downloads/internship_project/.venv/lib/python3.14/site-packages/behave/model.py\", line 1991, in run\n    match.run(runner.context)\n    ~~~~~~~~~^^^^^^^^^^^^^^^^\n  File \"/Users/yaroslavhevko/Downloads/internship_project/.venv/lib/python3.14/site-packages/behave/matchers.py\", line 105, in run\n    self.func(context, *args, **kwargs)\n    ~~~~~~~~~^^^^^^^^^^^^^^^^^^^^^^^^^^\n  File \"features/steps/Reelly_main_page.py\", line 12, in click_setting\n    context.app.main_page.click_setting()\n    ~~~~~~~~~~~~~~~~~~~~~~~~~~~~~~~~~~~^^\n  File \"/Users/yaroslavhevko/Downloads/internship_project/pages/main_page.py\", line 17, in click_setting\n    self.scroll(*self.SETTING_BUTTON)\n    ~~~~~~~~~~~^^^^^^^^^^^^^^^^^^^^^^\n  File \"/Users/yaroslavhevko/Downloads/internship_project/pages/base_page.py\", line 59, in scroll\n    element = wait.until(\n        EC.visibility_of_element_located(locator)\n    )\n  File \"/Users/yaroslavhevko/Downloads/internship_project/.venv/lib/python3.14/site-packages/selenium/webdriver/support/wait.py\", line 121, in until\n    raise TimeoutException(message, screen, stacktrace)\n"}, "steps": [{"name": "Given Open Sign in page", "status": "passed", "start": 1772140145419, "stop": 1772140148301}, {"name": "When log in to page", "status": "passed", "start": 1772140148301, "stop": 1772140148524}, {"name": "And Click on the setting option", "status": "broken", "statusDetails": {"message": "selenium.common.exceptions.TimeoutException: Message: \nStacktrace:\n0   chromedriver                        0x00000001031296b4 cxxbridge1$str$ptr + 3127600\n1   chromedriver                        0x0000000103121a50 cxxbridge1$str$ptr + 3095756\n2   chromedriver                        0x0000000102bfe56c _RNvCsdExgN8vFLbb_7___rustc35___rust_no_alloc_shim_is_unstable_v2 + 75432\n3   chromedriver                        0x0000000102c47864 _RNvCsdExgN8vFLbb_7___rustc35___rust_no_alloc_shim_is_unstable_v2 + 375200\n4   chromedriver                        0x0000000102c86620 _RNvCsdExgN8vFLbb_7___rustc35___rust_no_alloc_shim_is_unstable_v2 + 632668\n5   chromedriver                        0x0000000102c3bb9c _RNvCsdExgN8vFLbb_7___rustc35___rust_no_alloc_shim_is_unstable_v2 + 326872\n6   chromedriver                        0x00000001030e8680 cxxbridge1$str$ptr + 2861308\n7   chromedriver                        0x00000001030ebdd4 cxxbridge1$str$ptr + 2875472\n8   chromedriver                        0x00000001030cda7c cxxbridge1$str$ptr + 2751736\n9   chromedriver                        0x00000001030ec658 cxxbridge1$str$ptr + 2877652\n10  chromedriver                        0x00000001030bdffc cxxbridge1$str$ptr + 2687608\n11  chromedriver                        0x0000000103110d78 cxxbridge1$str$ptr + 3026932\n12  chromedriver                        0x0000000103110ef4 cxxbridge1$str$ptr + 3027312\n13  chromedriver                        0x00000001031216a8 cxxbridge1$str$ptr + 3094820\n14  libsystem_pthread.dylib             0x000000019d65bc08 _pthread_start + 136\n15  libsystem_pthread.dylib             0x000000019d656ba8 thread_start + 8\n\n", "trace": "  File \"/Users/yaroslavhevko/Downloads/internship_project/.venv/lib/python3.14/site-packages/behave/model.py\", line 1991, in run\n    match.run(runner.context)\n    ~~~~~~~~~^^^^^^^^^^^^^^^^\n  File \"/Users/yaroslavhevko/Downloads/internship_project/.venv/lib/python3.14/site-packages/behave/matchers.py\", line 105, in run\n    self.func(context, *args, **kwargs)\n    ~~~~~~~~~^^^^^^^^^^^^^^^^^^^^^^^^^^\n  File \"features/steps/Reelly_main_page.py\", line 12, in click_setting\n    context.app.main_page.click_setting()\n    ~~~~~~~~~~~~~~~~~~~~~~~~~~~~~~~~~~~^^\n  File \"/Users/yaroslavhevko/Downloads/internship_project/pages/main_page.py\", line 17, in click_setting\n    self.scroll(*self.SETTING_BUTTON)\n    ~~~~~~~~~~~^^^^^^^^^^^^^^^^^^^^^^\n  File \"/Users/yaroslavhevko/Downloads/internship_project/pages/base_page.py\", line 59, in scroll\n    element = wait.until(\n        EC.visibility_of_element_located(locator)\n    )\n  File \"/Users/yaroslavhevko/Downloads/internship_project/.venv/lib/python3.14/site-packages/selenium/webdriver/support/wait.py\", line 121, in until\n    raise TimeoutException(message, screen, stacktrace)\n"}, "start": 1772140148524, "stop": 1772140166174}, {"name": "And Click on the Community option", "status": "skipped", "start": 1772140166279, "stop": 1772140166279}, {"name": "And Verify the right page open", "status": "skipped", "start": 1772140166279, "stop": 1772140166279}, {"name": "Then Verify the \"Support\" button is available and clickable", "status": "skipped", "start": 1772140166279, "stop": 1772140166279}], "start": 1772140135093, "stop": 1772140166279, "uuid": "e7805d19-a957-4356-a177-7105c7796df4", "historyId": "9282d5ed7491a04c0916bf7c88ec2ef0", "testCaseId": "9a9c2ec3bd2895844261ab56ebd77040", "fullName": "Test case for web opening: User can open the community page", "labels": [{"name": "severity", "value": "normal"}, {"name": "feature", "value": "Test case for web opening"}, {"name": "framework", "value": "behave"}, {"name": "language", "value": "cpython3"}], "titlePath": ["features", "tests", "Test case for web opening"]}