{"name": "User can open the community page", "status": "broken", "statusDetails": {"message": "selenium.common.exceptions.TimeoutException: Message: Element not clickable by locator ('xpath', \"//a[@href='https://soft.reelly.io/settings' and @data-sentry-component='LinkWrapper']\")\nStacktrace:\n0   chromedriver                        0x0000000100eb16b4 cxxbridge1$str$ptr + 3127600\n1   chromedriver                        0x0000000100ea9a50 cxxbridge1$str$ptr + 3095756\n2   chromedriver                        0x000000010098656c _RNvCsdExgN8vFLbb_7___rustc35___rust_no_alloc_shim_is_unstable_v2 + 75432\n3   chromedriver                        0x00000001009cf864 _RNvCsdExgN8vFLbb_7___rustc35___rust_no_alloc_shim_is_unstable_v2 + 375200\n4   chromedriver                        0x0000000100a0e620 _RNvCsdExgN8vFLbb_7___rustc35___rust_no_alloc_shim_is_unstable_v2 + 632668\n5   chromedriver                        0x00000001009c3b9c _RNvCsdExgN8vFLbb_7___rustc35___rust_no_alloc_shim_is_unstable_v2 + 326872\n6   chromedriver                        0x0000000100e70680 cxxbridge1$str$ptr + 2861308\n7   chromedriver                        0x0000000100e73dd4 cxxbridge1$str$ptr + 2875472\n8   chromedriver                        0x0000000100e55a7c cxxbridge1$str$ptr + 2751736\n9   chromedriver                        0x0000000100e74658 cxxbridge1$str$ptr + 2877652\n10  chromedriver                        0x0000000100e45ffc cxxbridge1$str$ptr + 2687608\n11  chromedriver                        0x0000000100e98d78 cxxbridge1$str$ptr + 3026932\n12  chromedriver                        0x0000000100e98ef4 cxxbridge1$str$ptr + 3027312\n13  chromedriver                        0x0000000100ea96a8 cxxbridge1$str$ptr + 3094820\n14  libsystem_pthread.dylib             0x000000019d65bc08 _pthread_start + 136\n15  libsystem_pthread.dylib             0x000000019d656ba8 thread_start + 8\n\n", "trace": "  File \"/Users/yaroslavhevko/Downloads/internship_project/.venv/lib/python3.14/site-packages/behave/model.py\", line 1991, in run\n    match.run(runner.context)\n    ~~~~~~~~~^^^^^^^^^^^^^^^^\n  File \"/Users/yaroslavhevko/Downloads/internship_project/.venv/lib/python3.14/site-packages/behave/matchers.py\", line 105, in run\n    self.func(context, *args, **kwargs)\n    ~~~~~~~~~^^^^^^^^^^^^^^^^^^^^^^^^^^\n  File \"features/steps/Reelly_main_page.py\", line 12, in click_setting\n    context.app.main_page.click_setting()\n    ~~~~~~~~~~~~~~~~~~~~~~~~~~~~~~~~~~~^^\n  File \"/Users/yaroslavhevko/Downloads/internship_project/pages/main_page.py\", line 18, in click_setting\n    self.wait_until_element_present(*self.SETTING_BUTTON)\n    ~~~~~~~~~~~~~~~~~~~~~~~~~~~~~~~^^^^^^^^^^^^^^^^^^^^^^\n  File \"/Users/yaroslavhevko/Downloads/internship_project/pages/base_page.py\", line 23, in wait_until_element_present\n    self.driver.wait.until(\n    ~~~~~~~~~~~~~~~~~~~~~~^\n        EC.element_to_be_clickable(locator),\n        ^^^^^^^^^^^^^^^^^^^^^^^^^^^^^^^^^^^^\n        message=f'Element not clickable by locator {locator}'\n        ^^^^^^^^^^^^^^^^^^^^^^^^^^^^^^^^^^^^^^^^^^^^^^^^^^^^^\n    )\n    ^\n  File \"/Users/yaroslavhevko/Downloads/internship_project/.venv/lib/python3.14/site-packages/selenium/webdriver/support/wait.py\", line 121, in until\n    raise TimeoutException(message, screen, stacktrace)\n"}, "steps": [{"name": "Given Open Sign in page", "status": "passed", "start": 1772140203166, "stop": 1772140204960}, {"name": "When log in to page", "status": "passed", "start": 1772140204961, "stop": 1772140205190}, {"name": "And Click on the setting option", "status": "broken", "statusDetails": {"message": "selenium.common.exceptions.TimeoutException: Message: Element not clickable by locator ('xpath', \"//a[@href='https://soft.reelly.io/settings' and @data-sentry-component='LinkWrapper']\")\nStacktrace:\n0   chromedriver                        0x0000000100eb16b4 cxxbridge1$str$ptr + 3127600\n1   chromedriver                        0x0000000100ea9a50 cxxbridge1$str$ptr + 3095756\n2   chromedriver                        0x000000010098656c _RNvCsdExgN8vFLbb_7___rustc35___rust_no_alloc_shim_is_unstable_v2 + 75432\n3   chromedriver                        0x00000001009cf864 _RNvCsdExgN8vFLbb_7___rustc35___rust_no_alloc_shim_is_unstable_v2 + 375200\n4   chromedriver                        0x0000000100a0e620 _RNvCsdExgN8vFLbb_7___rustc35___rust_no_alloc_shim_is_unstable_v2 + 632668\n5   chromedriver                        0x00000001009c3b9c _RNvCsdExgN8vFLbb_7___rustc35___rust_no_alloc_shim_is_unstable_v2 + 326872\n6   chromedriver                        0x0000000100e70680 cxxbridge1$str$ptr + 2861308\n7   chromedriver                        0x0000000100e73dd4 cxxbridge1$str$ptr + 2875472\n8   chromedriver                        0x0000000100e55a7c cxxbridge1$str$ptr + 2751736\n9   chromedriver                        0x0000000100e74658 cxxbridge1$str$ptr + 2877652\n10  chromedriver                        0x0000000100e45ffc cxxbridge1$str$ptr + 2687608\n11  chromedriver                        0x0000000100e98d78 cxxbridge1$str$ptr + 3026932\n12  chromedriver                        0x0000000100e98ef4 cxxbridge1$str$ptr + 3027312\n13  chromedriver                        0x0000000100ea96a8 cxxbridge1$str$ptr + 3094820\n14  libsystem_pthread.dylib             0x000000019d65bc08 _pthread_start + 136\n15  libsystem_pthread.dylib             0x000000019d656ba8 thread_start + 8\n\n", "trace": "  File \"/Users/yaroslavhevko/Downloads/internship_project/.venv/lib/python3.14/site-packages/behave/model.py\", line 1991, in run\n    match.run(runner.context)\n    ~~~~~~~~~^^^^^^^^^^^^^^^^\n  File \"/Users/yaroslavhevko/Downloads/internship_project/.venv/lib/python3.14/site-packages/behave/matchers.py\", line 105, in run\n    self.func(context, *args, **kwargs)\n    ~~~~~~~~~^^^^^^^^^^^^^^^^^^^^^^^^^^\n  File \"features/steps/Reelly_main_page.py\", line 12, in click_setting\n    context.app.main_page.click_setting()\n    ~~~~~~~~~~~~~~~~~~~~~~~~~~~~~~~~~~~^^\n  File \"/Users/yaroslavhevko/Downloads/internship_project/pages/main_page.py\", line 18, in click_setting\n    self.wait_until_element_present(*self.SETTING_BUTTON)\n    ~~~~~~~~~~~~~~~~~~~~~~~~~~~~~~~^^^^^^^^^^^^^^^^^^^^^^\n  File \"/Users/yaroslavhevko/Downloads/internship_project/pages/base_page.py\", line 23, in wait_until_element_present\n    self.driver.wait.until(\n    ~~~~~~~~~~~~~~~~~~~~~~^\n        EC.element_to_be_clickable(locator),\n        ^^^^^^^^^^^^^^^^^^^^^^^^^^^^^^^^^^^^\n        message=f'Element not clickable by locator {locator}'\n        ^^^^^^^^^^^^^^^^^^^^^^^^^^^^^^^^^^^^^^^^^^^^^^^^^^^^^\n    )\n    ^\n  File \"/Users/yaroslavhevko/Downloads/internship_project/.venv/lib/python3.14/site-packages/selenium/webdriver/support/wait.py\", line 121, in until\n    raise TimeoutException(message, screen, stacktrace)\n"}, "start": 1772140205190, "stop": 1772140218451}, {"name": "And Click on the Community option", "status": "skipped", "start": 1772140218548, "stop": 1772140218548}, {"name": "And Verify the right page open", "status": "skipped", "start": 1772140218548, "stop": 1772140218548}, {"name": "Then Verify the \"Support\" button is available and clickable", "status": "skipped", "start": 1772140218548, "stop": 1772140218548}], "start": 1772140201486, "stop": 1772140218548, "uuid": "560baadc-103a-46c0-90e8-f6f8ddced0f5", "historyId": "9282d5ed7491a04c0916bf7c88ec2ef0", "testCaseId": "9a9c2ec3bd2895844261ab56ebd77040", "fullName": "Test case for web opening: User can open the community page", "labels": [{"name": "severity", "value": "normal"}, {"name": "feature", "value": "Test case for web opening"}, {"name": "framework", "value": "behave"}, {"name": "language", "value": "cpython3"}], "titlePath": ["features", "tests", "Test case for web opening"]}